<?xml version="1.0" encoding="UTF-8"?>
<coverage generated="1631190020376" clover="3.2.0">
  <project timestamp="1631190020377" name="All files">
    <metrics statements="2" coveredstatements="2" conditionals="0" coveredconditionals="0" methods="2" coveredmethods="2" elements="4" coveredelements="4" complexity="0" loc="2" ncloc="2" packages="1" files="2" classes="2"/>
    <file name="commentsCounter.js" path="C:\Users\HP\Desktop\javascriptcapstone\src\commentsCounter.js">
      <metrics statements="1" coveredstatements="1" conditionals="0" coveredconditionals="0" methods="1" coveredmethods="1"/>
      <line num="1" count="2" type="stmt"/>
    </file>
    <file name="homecount.js" path="C:\Users\HP\Desktop\javascriptcapstone\src\homecount.js">
      <metrics statements="1" coveredstatements="1" conditionals="0" coveredconditionals="0" methods="1" coveredmethods="1"/>
      <line num="1" count="2" type="stmt"/>
    </file>
  </project>
</coverage>
