{"/home/kalunge/Desktop/Microverse/projects/javascriptcapstone/src/commentsCounter.js": {"path":"/home/kalunge/Desktop/Microverse/projects/javascriptcapstone/src/commentsCounter.js","statementMap":{"0":{"start":{"line":1,"column":24},"end":{"line":1,"column":53}},"1":{"start":{"line":1,"column":38},"end":{"line":1,"column":53}}},"fnMap":{"0":{"name":"(anonymous_0)","decl":{"start":{"line":1,"column":24},"end":{"line":1,"column":25}},"loc":{"start":{"line":1,"column":38},"end":{"line":1,"column":53}},"line":1}},"branchMap":{},"s":{"0":1,"1":2},"f":{"0":2},"b":{},"_coverageSchema":"1a1c01bbd47fc00a2c39e90264f33305004495a9","hash":"0b57587b8ebfd6344cf87f38bb4c04efcbc0db6c"}
}
