{"C:\\Users\\HP\\Desktop\\javascriptcapstone\\src\\commentsCounter.js": {"path":"C:\\Users\\HP\\Desktop\\javascriptcapstone\\src\\commentsCounter.js","statementMap":{"0":{"start":{"line":1,"column":24},"end":{"line":1,"column":53}},"1":{"start":{"line":1,"column":38},"end":{"line":1,"column":53}}},"fnMap":{"0":{"name":"(anonymous_0)","decl":{"start":{"line":1,"column":24},"end":{"line":1,"column":25}},"loc":{"start":{"line":1,"column":38},"end":{"line":1,"column":53}},"line":1}},"branchMap":{},"s":{"0":1,"1":2},"f":{"0":2},"b":{},"_coverageSchema":"1a1c01bbd47fc00a2c39e90264f33305004495a9","hash":"efb2932cb30ec69120b5a8090caf9568dd7b6157"}
,"C:\\Users\\HP\\Desktop\\javascriptcapstone\\src\\homecount.js": {"path":"C:\\Users\\HP\\Desktop\\javascriptcapstone\\src\\homecount.js","statementMap":{"0":{"start":{"line":1,"column":20},"end":{"line":1,"column":41}},"1":{"start":{"line":1,"column":30},"end":{"line":1,"column":41}}},"fnMap":{"0":{"name":"(anonymous_0)","decl":{"start":{"line":1,"column":20},"end":{"line":1,"column":21}},"loc":{"start":{"line":1,"column":30},"end":{"line":1,"column":41}},"line":1}},"branchMap":{},"s":{"0":1,"1":2},"f":{"0":2},"b":{},"_coverageSchema":"1a1c01bbd47fc00a2c39e90264f33305004495a9","hash":"1fe43a93b92c50689409d449f3cdadde98361ca6"}
}
